<?xml version="1.0" encoding="UTF-8"?>
<testsuite name="FortuneText"
           tests="1"
           failures="1"
           errors="0"
           skipped="0"
           time="0.055">
  <properties />
            <testcase name="test_demo1" time="0.055" classname="cases.FortuneTest">
                <failure type="java.lang.IllegalStateException"
                  message="The path to the driver executable must be set by the webdriver.chrome.driver system property; for more information, see http://code.google.com/p/selenium/wiki/ChromeDriver. The latest version can be downloaded from http://code.google.com/p/chromedriver/downloads/list"
              >
<![CDATA[java.lang.IllegalStateException: The path to the driver executable must be set by the webdriver.chrome.driver system property; for more information, see http://code.google.com/p/selenium/wiki/ChromeDriver. The latest version can be downloaded from http://code.google.com/p/chromedriver/downloads/list
  com.google.common.base.Preconditions.checkState(Preconditions.java:176)
  org.openqa.selenium.remote.service.DriverService.findExecutable(DriverService.java:105)
  org.openqa.selenium.chrome.ChromeDriverService.createDefaultService(ChromeDriverService.java:75)
  org.openqa.selenium.chrome.ChromeDriver.<init>(ChromeDriver.java:107)
  cases.FortuneTest.test_demo1(FortuneTest.java:73)
  sun.reflect.NativeMethodAccessorImpl.invoke0(Native Method)
  sun.reflect.NativeMethodAccessorImpl.invoke(NativeMethodAccessorImpl.java:57)
  sun.reflect.DelegatingMethodAccessorImpl.invoke(DelegatingMethodAccessorImpl.java:43)
  java.lang.reflect.Method.invoke(Method.java:606)
  org.testng.internal.MethodInvocationHelper.invokeMethod(MethodInvocationHelper.java:84)
  org.testng.internal.Invoker.invokeMethod(Invoker.java:714)
  org.testng.internal.Invoker.invokeTestMethod(Invoker.java:901)
  org.testng.internal.Invoker.invokeTestMethods(Invoker.java:1231)
  org.testng.internal.TestMethodWorker.invokeTestMethods(TestMethodWorker.java:127)
  org.testng.internal.TestMethodWorker.run(TestMethodWorker.java:111)
  org.testng.TestRunner.privateRun(TestRunner.java:767)
  org.testng.TestRunner.run(TestRunner.java:617)
  org.testng.SuiteRunner.runTest(SuiteRunner.java:334)
  org.testng.SuiteRunner.access$000(SuiteRunner.java:37)
  org.testng.SuiteRunner$SuiteWorker.run(SuiteRunner.java:368)
  org.testng.internal.thread.ThreadUtil$2.call(ThreadUtil.java:64)
  java.util.concurrent.FutureTask$Sync.innerRun(FutureTask.java:334)
  java.util.concurrent.FutureTask.run(FutureTask.java:166)
  java.util.concurrent.ThreadPoolExecutor.runWorker(ThreadPoolExecutor.java:1145)
  java.util.concurrent.ThreadPoolExecutor$Worker.run(ThreadPoolExecutor.java:615)
  java.lang.Thread.run(Thread.java:724)
]]>
      </failure>

          </testcase>
  
  
  
</testsuite>
